<?xml version="1.0" encoding="UTF-8"?>
<!-- Generated by org.testng.reporters.JUnitReportReporter -->
<testsuite hostname="DESKTOP-N1RD257" failures="0" tests="4" name="RestAssuredDemo.HTTPRequests" time="5.937" errors="0" timestamp="2024-05-15T14:41:44 BDT" skipped="0">
  <testcase classname="RestAssuredDemo.HTTPRequests" name="getUsers" time="3.259"/>
  <system-out/>
  <testcase classname="RestAssuredDemo.HTTPRequests" name="createUser" time="0.948"/>
  <system-out/>
  <testcase classname="RestAssuredDemo.HTTPRequests" name="updateUser" time="0.823"/>
  <system-out/>
  <testcase classname="RestAssuredDemo.HTTPRequests" name="deleteUser" time="0.907"/>
  <system-out/>
</testsuite> <!-- RestAssuredDemo.HTTPRequests -->
